<?xml version="1.0" encoding="UTF-8"?>
<!-- Generated by org.testng.reporters.JUnitReportReporter -->
<testsuite hostname="DESKTOP-P7A0Q47" failures="0" tests="3" name="thirdscript.Order" time="0.014" errors="0" timestamp="2024-05-24T10:04:49 IST" skipped="0">
  <testcase classname="thirdscript.Order" name="fillAllInformation" time="0.008"/>
  <testcase classname="thirdscript.Order" name="downloadInvoice" time="0.003"/>
  <testcase classname="thirdscript.Order" name="doPayment" time="0.003"/>
</testsuite> <!-- thirdscript.Order -->
