<?xml version="1.0" encoding="UTF-8"?>
<!-- Generated by org.testng.reporters.JUnitReportReporter -->
<testsuite hostname="DESKTOP-P7A0Q47" failures="0" tests="3" name="firstscript.Register" time="0.082" errors="0" timestamp="2024-05-24T10:04:49 IST" skipped="0">
  <testcase classname="firstscript.Register" name="forgot_Password" time="0.075"/>
  <testcase classname="firstscript.Register" name="login" time="0.004"/>
  <testcase classname="firstscript.Register" name="registration" time="0.003"/>
</testsuite> <!-- firstscript.Register -->
