<?xml version="1.0" encoding="UTF-8"?>
<!-- Generated by org.testng.reporters.JUnitReportReporter -->
<testsuite hostname="DESKTOP-P7A0Q47" failures="0" tests="3" name="secondscript.login" time="0.013" errors="0" timestamp="2024-05-24T10:04:49 IST" skipped="0">
  <testcase classname="secondscript.login" name="clickOnSearchbar" time="0.002"/>
  <testcase classname="secondscript.login" name="clickOnProduct" time="0.007"/>
  <testcase classname="secondscript.login" name="selectProduct" time="0.004"/>
</testsuite> <!-- secondscript.login -->
